<?xml version="1.0" encoding="UTF-8"?>
<!-- Generated by org.testng.reporters.JUnitXMLReporter -->
<testsuite hostname="DESKTOP-P8RTCON" ignored="0" name="Login page Test" tests="9" failures="0" timestamp="22 Jan 2021 16:16:42 GMT" time="31.657" errors="0">
  <testcase name="verifyLoginPageTitleTest" time="0.16" classname="com.qa.democart.test.LoginPageTest"/>
  <testcase name="verifyForgotPasswordLinkTest" time="0.084" classname="com.qa.democart.test.LoginPageTest"/>
  <testcase name="loginNegativeTest" time="1.938" classname="com.qa.democart.test.LoginPageTest"/>
  <testcase name="loginNegativeTest" time="1.867" classname="com.qa.democart.test.LoginPageTest"/>
  <testcase name="loginNegativeTest" time="1.844" classname="com.qa.democart.test.LoginPageTest"/>
  <testcase name="loginNegativeTest" time="1.806" classname="com.qa.democart.test.LoginPageTest"/>
  <testcase name="loginNegativeTest" time="2.257" classname="com.qa.democart.test.LoginPageTest"/>
  <testcase name="loginNegativeTest" time="1.884" classname="com.qa.democart.test.LoginPageTest"/>
  <testcase name="loginTest" time="2.749" classname="com.qa.democart.test.LoginPageTest"/>
</testsuite> <!-- Login page Test -->
