<?xml version="1.0" encoding="UTF-8"?>
<!-- Generated by org.testng.reporters.JUnitXMLReporter -->
<testsuite hostname="DESKTOP-P8RTCON" ignored="0" name="Default test" tests="9" failures="0" timestamp="15 Jan 2021 08:24:46 GMT" time="22.846" errors="0">
  <testcase name="verifyLoginPageTitleTest" time="0.034" classname="com.qa.democart.test.LoginPageTest"/>
  <testcase name="verifyForgotPasswordLinkTest" time="0.058" classname="com.qa.democart.test.LoginPageTest"/>
  <testcase name="loginNegativeTest" time="1.919" classname="com.qa.democart.test.LoginPageTest"/>
  <testcase name="loginNegativeTest" time="1.887" classname="com.qa.democart.test.LoginPageTest"/>
  <testcase name="loginNegativeTest" time="1.859" classname="com.qa.democart.test.LoginPageTest"/>
  <testcase name="loginNegativeTest" time="1.873" classname="com.qa.democart.test.LoginPageTest"/>
  <testcase name="loginNegativeTest" time="1.898" classname="com.qa.democart.test.LoginPageTest"/>
  <testcase name="loginNegativeTest" time="1.858" classname="com.qa.democart.test.LoginPageTest"/>
  <testcase name="loginTest" time="2.771" classname="com.qa.democart.test.LoginPageTest"/>
</testsuite> <!-- Default test -->
