<?xml version="1.0" encoding="UTF-8"?>
<testsuite xmlns:xsi="http://www.w3.org/2001/XMLSchema-instance" xsi:noNamespaceSchemaLocation="https://maven.apache.org/surefire/maven-surefire-plugin/xsd/surefire-test-report-3.0.xsd" version="3.0" name="TestSuite" time="27.805" tests="19" errors="0" skipped="0" failures="3">
  <properties>
[...]
</properties>
  <testcase name="verifyLoginPageTitleTest" classname="com.qa.democart.test.LoginPageTest" time="0.14">
    <system-out><![CDATA[...
... TestNG 6.14.3 by Cédric Beust (cedric@beust.com)
...

Test Suite started!
I am in onStart method Login page Test
Test Suite started!
I am in onStart method Accounts page Test
Browser name is:chrome
Browser name is:chrome
verifyLoginPageTitleTest started!
Login with username:ayesha.yusuf@tathastu.ai and password:Kolkata05
I am in onTestStart method verifyLoginPageTitleTest start
Login Page Title is:Account Login
verifyLoginPageTitleTest passed!
I am in onTestSuccess method verifyLoginPageTitleTest succeed
]]></system-out>
    <system-err><![CDATA[SLF4J: Failed to load class "org.slf4j.impl.StaticLoggerBinder".
SLF4J: Defaulting to no-operation (NOP) logger implementation
SLF4J: See http://www.slf4j.org/codes.html#StaticLoggerBinder for further details.
Starting ChromeDriver 87.0.4280.88 (89e2380a3e36c3464b5dd1302349b1382549290d-refs/branch-heads/4280@{#1761}) on port 14963
Only local connections are allowed.
Please see https://chromedriver.chromium.org/security-considerations for suggestions on keeping ChromeDriver safe.
ChromeDriver was started successfully.
Starting ChromeDriver 87.0.4280.88 (89e2380a3e36c3464b5dd1302349b1382549290d-refs/branch-heads/4280@{#1761}) on port 30335
Only local connections are allowed.
Please see https://chromedriver.chromium.org/security-considerations for suggestions on keeping ChromeDriver safe.
ChromeDriver was started successfully.
Jan 22, 2021 9:53:51 PM org.openqa.selenium.remote.ProtocolHandshake createSession
INFO: Detected dialect: W3C
Jan 22, 2021 9:53:51 PM org.openqa.selenium.remote.ProtocolHandshake createSession
INFO: Detected dialect: W3C
]]></system-err>
  </testcase>
  <testcase name="verifyForgotPasswordLinkTest" classname="com.qa.democart.test.LoginPageTest" time="0.074">
    <system-out><![CDATA[verifyForgotPasswordLinkTest started!
I am in onTestStart method verifyForgotPasswordLinkTest start
verifyForgotPasswordLinkTest passed!
I am in onTestSuccess method verifyForgotPasswordLinkTest succeed
]]></system-out>
  </testcase>
  <testcase name="loginNegativeTest[&quot;, &quot;&quot;](1)" classname="com.qa.democart.test.LoginPageTest" time="0.384">
    <system-out><![CDATA[searchTest started!
I am in onTestStart method searchTest start
Searching for:iMac
loginNegativeTest passed!
I am in onTestSuccess method loginNegativeTest succeed
]]></system-out>
  </testcase>
  <testcase name="loginNegativeTest[ayesha.yusuf10@tathastu.ai, &quot;&quot;](2)" classname="com.qa.democart.test.LoginPageTest" time="0.496">
    <system-out><![CDATA[searchTest started!
I am in onTestStart method searchTest start
Searching for:Macbook
loginNegativeTest passed!
I am in onTestSuccess method loginNegativeTest succeed
]]></system-out>
  </testcase>
  <testcase name="loginNegativeTest[&quot;&quot;, abc123](3)" classname="com.qa.democart.test.LoginPageTest" time="0.702">
    <system-out><![CDATA[searchTest started!
I am in onTestStart method searchTest start
Searching for:iPhone
loginNegativeTest passed!
I am in onTestSuccess method loginNegativeTest succeed
]]></system-out>
  </testcase>
  <testcase name="loginNegativeTest[ayesha.yusuf10, &quot;&quot;](4)" classname="com.qa.democart.test.LoginPageTest" time="0.921">
    <system-out><![CDATA[searchTest started!
I am in onTestStart method searchTest start
Searching for:Shoes
loginNegativeTest passed!
I am in onTestSuccess method loginNegativeTest succeed
]]></system-out>
  </testcase>
  <testcase name="loginNegativeTest[#4@%, ^!@##](5)" classname="com.qa.democart.test.LoginPageTest" time="0.604">
    <system-out><![CDATA[searchTest started!
I am in onTestStart method searchTest start
Searching for:Mouse
loginNegativeTest passed!
I am in onTestSuccess method loginNegativeTest succeed
]]></system-out>
  </testcase>
  <testcase name="loginNegativeTest[ayesha.yusuf10@tathastu.ai, abc123](6)" classname="com.qa.democart.test.LoginPageTest" time="0.3">
    <system-out><![CDATA[searchTest started!
I am in onTestStart method searchTest start
Searching for:Keyboard
loginNegativeTest passed!
I am in onTestSuccess method loginNegativeTest succeed
]]></system-out>
  </testcase>
  <testcase name="loginTest" classname="com.qa.democart.test.LoginPageTest" time="3.092">
    <system-out><![CDATA[Test Suite is ending!
loginTest passed!
I am in onFinish method Accounts page Test
I am in onTestSuccess method loginTest succeed
]]></system-out>
    <system-err><![CDATA[log4j:WARN No appenders could be found for logger (freemarker.cache).
log4j:WARN Please initialize the log4j system properly.
]]></system-err>
  </testcase>
  <testcase name="accountsPageTitleTest" classname="com.qa.democart.test.AccountsPageTest" time="0.022">
    <system-out><![CDATA[loginNegativeTest started!
I am in onTestStart method loginNegativeTest start
Login with username:" and password:""
accountsPageTitleTest started!
I am in onTestStart method accountsPageTitleTest start
Accounts Page Title is :My Account
accountsPageTitleTest passed!
I am in onTestSuccess method accountsPageTitleTest succeed
]]></system-out>
  </testcase>
  <testcase name="accountsPageHeaderTest" classname="com.qa.democart.test.AccountsPageTest" time="0.122">
    <system-out><![CDATA[accountsPageHeaderTest started!
I am in onTestStart method accountsPageHeaderTest start
Accounts Page Header:Your Store
accountsPageHeaderTest passed!
I am in onTestSuccess method accountsPageHeaderTest succeed
]]></system-out>
  </testcase>
  <testcase name="accountPageSectionCountTest" classname="com.qa.democart.test.AccountsPageTest" time="0.028">
    <system-out><![CDATA[accountPageSectionCountTest started!
I am in onTestStart method accountPageSectionCountTest start
accountPageSectionCountTest passed!
I am in onTestSuccess method accountPageSectionCountTest succeed
]]></system-out>
  </testcase>
  <testcase name="accountPageSectionTextTest" classname="com.qa.democart.test.AccountsPageTest" time="0.063">
    <system-out><![CDATA[accountPageSectionTextTest started!
I am in onTestStart method accountPageSectionTextTest start
accountPageSectionTextTest passed!
I am in onTestSuccess method accountPageSectionTextTest succeed
]]></system-out>
  </testcase>
  <testcase name="searchTest[iMac](1)" classname="com.qa.democart.test.AccountsPageTest" time="1.366">
    <system-out><![CDATA[loginNegativeTest started!
I am in onTestStart method loginNegativeTest start
Login with username:ayesha.yusuf10@tathastu.ai and password:""
searchTest passed!
I am in onTestSuccess method searchTest succeed
]]></system-out>
  </testcase>
  <testcase name="searchTest[Macbook](2)" classname="com.qa.democart.test.AccountsPageTest" time="1.158">
    <system-out><![CDATA[loginNegativeTest started!
I am in onTestStart method loginNegativeTest start
Login with username:"" and password:abc123
searchTest passed!
I am in onTestSuccess method searchTest succeed
]]></system-out>
  </testcase>
  <testcase name="searchTest[iPhone](3)" classname="com.qa.democart.test.AccountsPageTest" time="0.941">
    <system-out><![CDATA[loginNegativeTest started!
I am in onTestStart method loginNegativeTest start
Login with username:ayesha.yusuf10 and password:""
searchTest passed!
I am in onTestSuccess method searchTest succeed
]]></system-out>
  </testcase>
  <testcase name="searchTest[Shoes](4)" classname="com.qa.democart.test.AccountsPageTest" time="1.305">
    <failure message="expected [true] but found [false]" type="java.lang.AssertionError"><![CDATA[java.lang.AssertionError: expected [true] but found [false]
	at com.qa.democart.test.AccountsPageTest.searchTest(AccountsPageTest.java:77)
]]></failure>
    <system-out><![CDATA[loginNegativeTest started!
I am in onTestStart method loginNegativeTest start
Login with username:#4@% and password:^!@##
searchTest failed!
I am in onTestFailure method searchTest failed
Screenshot captured for test case:searchTest
]]></system-out>
  </testcase>
  <testcase name="searchTest[Mouse](5)" classname="com.qa.democart.test.AccountsPageTest" time="1.539">
    <failure message="expected [true] but found [false]" type="java.lang.AssertionError"><![CDATA[java.lang.AssertionError: expected [true] but found [false]
	at com.qa.democart.test.AccountsPageTest.searchTest(AccountsPageTest.java:77)
]]></failure>
    <system-out><![CDATA[loginNegativeTest started!
I am in onTestStart method loginNegativeTest start
Login with username:ayesha.yusuf10@tathastu.ai and password:abc123
searchTest failed!
I am in onTestFailure method searchTest failed
Screenshot captured for test case:searchTest
]]></system-out>
  </testcase>
  <testcase name="searchTest[Keyboard](6)" classname="com.qa.democart.test.AccountsPageTest" time="1.85">
    <failure message="expected [true] but found [false]" type="java.lang.AssertionError"><![CDATA[java.lang.AssertionError: expected [true] but found [false]
	at com.qa.democart.test.AccountsPageTest.searchTest(AccountsPageTest.java:77)
]]></failure>
    <system-out><![CDATA[loginTest started!
I am in onTestStart method loginTest start
Login with username:ayesha.yusuf@tathastu.ai and password:Kolkata05
searchTest failed!
I am in onTestFailure method searchTest failed
Screenshot captured for test case:searchTest
]]></system-out>
  </testcase>
</testsuite>