<?xml version="1.0" encoding="UTF-8"?>
<testsuite xmlns:xsi="http://www.w3.org/2001/XMLSchema-instance" xsi:noNamespaceSchemaLocation="https://maven.apache.org/surefire/maven-surefire-plugin/xsd/surefire-test-report-3.0.xsd" version="3.0" name="TestSuite" time="27.805" tests="19" errors="0" skipped="0" failures="3">
  <properties>
    <property name="sun.desktop" value="windows"/>
    <property name="awt.toolkit" value="sun.awt.windows.WToolkit"/>
    <property name="file.encoding.pkg" value="sun.io"/>
    <property name="java.specification.version" value="1.8"/>
    <property name="webdriver.chrome.driver" value="C:\Users\ayesh\.cache\selenium\chromedriver\win32\87.0.4280.88\chromedriver.exe"/>
    <property name="sun.cpu.isalist" value="amd64"/>
    <property name="sun.jnu.encoding" value="Cp1252"/>
    <property name="java.class.path" value="C:\Users\ayesh\automation\NaveenPOMFWSeries\target\test-classes;C:\Users\ayesh\automation\NaveenPOMFWSeries\target\classes;C:\Users\ayesh\.m2\repository\org\testng\testng\6.14.3\testng-6.14.3.jar;C:\Users\ayesh\.m2\repository\com\beust\jcommander\1.72\jcommander-1.72.jar;C:\Users\ayesh\.m2\repository\org\apache-extras\beanshell\bsh\2.0b6\bsh-2.0b6.jar;C:\Users\ayesh\.m2\repository\io\github\bonigarcia\webdrivermanager\4.2.2\webdrivermanager-4.2.2.jar;C:\Users\ayesh\.m2\repository\org\slf4j\slf4j-api\1.7.30\slf4j-api-1.7.30.jar;C:\Users\ayesh\.m2\repository\commons-io\commons-io\2.8.0\commons-io-2.8.0.jar;C:\Users\ayesh\.m2\repository\com\google\code\gson\gson\2.8.6\gson-2.8.6.jar;C:\Users\ayesh\.m2\repository\org\apache\commons\commons-lang3\3.11\commons-lang3-3.11.jar;C:\Users\ayesh\.m2\repository\org\apache\httpcomponents\client5\httpclient5\5.0.1\httpclient5-5.0.1.jar;C:\Users\ayesh\.m2\repository\org\apache\httpcomponents\core5\httpcore5\5.0.1\httpcore5-5.0.1.jar;C:\Users\ayesh\.m2\repository\org\apache\httpcomponents\core5\httpcore5-h2\5.0.1\httpcore5-h2-5.0.1.jar;C:\Users\ayesh\.m2\repository\org\rauschig\jarchivelib\1.1.0\jarchivelib-1.1.0.jar;C:\Users\ayesh\.m2\repository\org\apache\commons\commons-compress\1.20\commons-compress-1.20.jar;C:\Users\ayesh\.m2\repository\org\jsoup\jsoup\1.13.1\jsoup-1.13.1.jar;C:\Users\ayesh\.m2\repository\org\seleniumhq\selenium\selenium-java\3.141.59\selenium-java-3.141.59.jar;C:\Users\ayesh\.m2\repository\org\seleniumhq\selenium\selenium-api\3.141.59\selenium-api-3.141.59.jar;C:\Users\ayesh\.m2\repository\org\seleniumhq\selenium\selenium-chrome-driver\3.141.59\selenium-chrome-driver-3.141.59.jar;C:\Users\ayesh\.m2\repository\org\seleniumhq\selenium\selenium-edge-driver\3.141.59\selenium-edge-driver-3.141.59.jar;C:\Users\ayesh\.m2\repository\org\seleniumhq\selenium\selenium-firefox-driver\3.141.59\selenium-firefox-driver-3.141.59.jar;C:\Users\ayesh\.m2\repository\org\seleniumhq\selenium\selenium-ie-driver\3.141.59\selenium-ie-driver-3.141.59.jar;C:\Users\ayesh\.m2\repository\org\seleniumhq\selenium\selenium-opera-driver\3.141.59\selenium-opera-driver-3.141.59.jar;C:\Users\ayesh\.m2\repository\org\seleniumhq\selenium\selenium-remote-driver\3.141.59\selenium-remote-driver-3.141.59.jar;C:\Users\ayesh\.m2\repository\org\seleniumhq\selenium\selenium-safari-driver\3.141.59\selenium-safari-driver-3.141.59.jar;C:\Users\ayesh\.m2\repository\org\seleniumhq\selenium\selenium-support\3.141.59\selenium-support-3.141.59.jar;C:\Users\ayesh\.m2\repository\net\bytebuddy\byte-buddy\1.8.15\byte-buddy-1.8.15.jar;C:\Users\ayesh\.m2\repository\org\apache\commons\commons-exec\1.3\commons-exec-1.3.jar;C:\Users\ayesh\.m2\repository\com\google\guava\guava\25.0-jre\guava-25.0-jre.jar;C:\Users\ayesh\.m2\repository\com\google\code\findbugs\jsr305\1.3.9\jsr305-1.3.9.jar;C:\Users\ayesh\.m2\repository\org\checkerframework\checker-compat-qual\2.0.0\checker-compat-qual-2.0.0.jar;C:\Users\ayesh\.m2\repository\com\google\errorprone\error_prone_annotations\2.1.3\error_prone_annotations-2.1.3.jar;C:\Users\ayesh\.m2\repository\com\google\j2objc\j2objc-annotations\1.1\j2objc-annotations-1.1.jar;C:\Users\ayesh\.m2\repository\org\codehaus\mojo\animal-sniffer-annotations\1.14\animal-sniffer-annotations-1.14.jar;C:\Users\ayesh\.m2\repository\com\squareup\okhttp3\okhttp\3.11.0\okhttp-3.11.0.jar;C:\Users\ayesh\.m2\repository\com\squareup\okio\okio\1.14.0\okio-1.14.0.jar;C:\Users\ayesh\.m2\repository\org\apache\poi\poi\3.9\poi-3.9.jar;C:\Users\ayesh\.m2\repository\commons-codec\commons-codec\1.5\commons-codec-1.5.jar;C:\Users\ayesh\.m2\repository\org\apache\poi\poi-ooxml\3.9\poi-ooxml-3.9.jar;C:\Users\ayesh\.m2\repository\dom4j\dom4j\1.6.1\dom4j-1.6.1.jar;C:\Users\ayesh\.m2\repository\xml-apis\xml-apis\1.0.b2\xml-apis-1.0.b2.jar;C:\Users\ayesh\.m2\repository\org\apache\poi\poi-ooxml-schemas\3.9\poi-ooxml-schemas-3.9.jar;C:\Users\ayesh\.m2\repository\org\apache\xmlbeans\xmlbeans\2.3.0\xmlbeans-2.3.0.jar;C:\Users\ayesh\.m2\repository\stax\stax-api\1.0.1\stax-api-1.0.1.jar;C:\Users\ayesh\.m2\repository\org\apache\poi\poi-scratchpad\3.9\poi-scratchpad-3.9.jar;C:\Users\ayesh\.m2\repository\org\apache\poi\ooxml-schemas\1.1\ooxml-schemas-1.1.jar;C:\Users\ayesh\.m2\repository\org\apache\poi\openxml4j\1.0-beta\openxml4j-1.0-beta.jar;C:\Users\ayesh\.m2\repository\log4j\log4j\1.2.8\log4j-1.2.8.jar;C:\Users\ayesh\.m2\repository\com\aventstack\extentreports\3.1.5\extentreports-3.1.5.jar;C:\Users\ayesh\.m2\repository\org\freemarker\freemarker\2.3.23\freemarker-2.3.23.jar;C:\Users\ayesh\.m2\repository\org\mongodb\mongodb-driver\3.3.0\mongodb-driver-3.3.0.jar;C:\Users\ayesh\.m2\repository\org\mongodb\bson\3.3.0\bson-3.3.0.jar;C:\Users\ayesh\.m2\repository\org\mongodb\mongodb-driver-core\3.3.0\mongodb-driver-core-3.3.0.jar;C:\Users\ayesh\.m2\repository\org\apache\httpcomponents\httpclient\4.5.2\httpclient-4.5.2.jar;C:\Users\ayesh\.m2\repository\org\apache\httpcomponents\httpcore\4.4.4\httpcore-4.4.4.jar;C:\Users\ayesh\.m2\repository\commons-logging\commons-logging\1.2\commons-logging-1.2.jar;C:\Users\ayesh\.m2\repository\org\apache\httpcomponents\httpmime\4.5.2\httpmime-4.5.2.jar;C:\Users\ayesh\.m2\repository\io\qameta\allure\allure-testng\2.13.7\allure-testng-2.13.7.jar;C:\Users\ayesh\.m2\repository\io\qameta\allure\allure-java-commons\2.13.7\allure-java-commons-2.13.7.jar;C:\Users\ayesh\.m2\repository\io\qameta\allure\allure-model\2.13.7\allure-model-2.13.7.jar;C:\Users\ayesh\.m2\repository\com\fasterxml\jackson\core\jackson-databind\2.11.3\jackson-databind-2.11.3.jar;C:\Users\ayesh\.m2\repository\com\fasterxml\jackson\core\jackson-annotations\2.11.3\jackson-annotations-2.11.3.jar;C:\Users\ayesh\.m2\repository\com\fasterxml\jackson\core\jackson-core\2.11.3\jackson-core-2.11.3.jar;C:\Users\ayesh\.m2\repository\org\apache\tika\tika-core\1.24.1\tika-core-1.24.1.jar;C:\Users\ayesh\.m2\repository\org\jooq\joor-java-8\0.9.13\joor-java-8-0.9.13.jar;"/>
    <property name="java.vm.vendor" value="Oracle Corporation"/>
    <property name="sun.arch.data.model" value="64"/>
    <property name="user.variant" value=""/>
    <property name="java.vendor.url" value="http://java.oracle.com/"/>
    <property name="user.timezone" value="Asia/Calcutta"/>
    <property name="java.vm.specification.version" value="1.8"/>
    <property name="os.name" value="Windows 10"/>
    <property name="user.country" value="IN"/>
    <property name="sun.java.launcher" value="SUN_STANDARD"/>
    <property name="sun.boot.library.path" value="C:\Program Files\Java\jdk1.8.0_271\jre\bin"/>
    <property name="sun.java.command" value="C:\Users\ayesh\AppData\Local\Temp\surefire4141123896465061217\surefirebooter4762675247251824633.jar C:\Users\ayesh\AppData\Local\Temp\surefire4141123896465061217 2021-01-22T21-53-43_613-jvmRun1 surefire1166221687407457456tmp surefire_06282527173087695967tmp"/>
    <property name="surefire.test.class.path" value="C:\Users\ayesh\automation\NaveenPOMFWSeries\target\test-classes;C:\Users\ayesh\automation\NaveenPOMFWSeries\target\classes;C:\Users\ayesh\.m2\repository\org\testng\testng\6.14.3\testng-6.14.3.jar;C:\Users\ayesh\.m2\repository\com\beust\jcommander\1.72\jcommander-1.72.jar;C:\Users\ayesh\.m2\repository\org\apache-extras\beanshell\bsh\2.0b6\bsh-2.0b6.jar;C:\Users\ayesh\.m2\repository\io\github\bonigarcia\webdrivermanager\4.2.2\webdrivermanager-4.2.2.jar;C:\Users\ayesh\.m2\repository\org\slf4j\slf4j-api\1.7.30\slf4j-api-1.7.30.jar;C:\Users\ayesh\.m2\repository\commons-io\commons-io\2.8.0\commons-io-2.8.0.jar;C:\Users\ayesh\.m2\repository\com\google\code\gson\gson\2.8.6\gson-2.8.6.jar;C:\Users\ayesh\.m2\repository\org\apache\commons\commons-lang3\3.11\commons-lang3-3.11.jar;C:\Users\ayesh\.m2\repository\org\apache\httpcomponents\client5\httpclient5\5.0.1\httpclient5-5.0.1.jar;C:\Users\ayesh\.m2\repository\org\apache\httpcomponents\core5\httpcore5\5.0.1\httpcore5-5.0.1.jar;C:\Users\ayesh\.m2\repository\org\apache\httpcomponents\core5\httpcore5-h2\5.0.1\httpcore5-h2-5.0.1.jar;C:\Users\ayesh\.m2\repository\org\rauschig\jarchivelib\1.1.0\jarchivelib-1.1.0.jar;C:\Users\ayesh\.m2\repository\org\apache\commons\commons-compress\1.20\commons-compress-1.20.jar;C:\Users\ayesh\.m2\repository\org\jsoup\jsoup\1.13.1\jsoup-1.13.1.jar;C:\Users\ayesh\.m2\repository\org\seleniumhq\selenium\selenium-java\3.141.59\selenium-java-3.141.59.jar;C:\Users\ayesh\.m2\repository\org\seleniumhq\selenium\selenium-api\3.141.59\selenium-api-3.141.59.jar;C:\Users\ayesh\.m2\repository\org\seleniumhq\selenium\selenium-chrome-driver\3.141.59\selenium-chrome-driver-3.141.59.jar;C:\Users\ayesh\.m2\repository\org\seleniumhq\selenium\selenium-edge-driver\3.141.59\selenium-edge-driver-3.141.59.jar;C:\Users\ayesh\.m2\repository\org\seleniumhq\selenium\selenium-firefox-driver\3.141.59\selenium-firefox-driver-3.141.59.jar;C:\Users\ayesh\.m2\repository\org\seleniumhq\selenium\selenium-ie-driver\3.141.59\selenium-ie-driver-3.141.59.jar;C:\Users\ayesh\.m2\repository\org\seleniumhq\selenium\selenium-opera-driver\3.141.59\selenium-opera-driver-3.141.59.jar;C:\Users\ayesh\.m2\repository\org\seleniumhq\selenium\selenium-remote-driver\3.141.59\selenium-remote-driver-3.141.59.jar;C:\Users\ayesh\.m2\repository\org\seleniumhq\selenium\selenium-safari-driver\3.141.59\selenium-safari-driver-3.141.59.jar;C:\Users\ayesh\.m2\repository\org\seleniumhq\selenium\selenium-support\3.141.59\selenium-support-3.141.59.jar;C:\Users\ayesh\.m2\repository\net\bytebuddy\byte-buddy\1.8.15\byte-buddy-1.8.15.jar;C:\Users\ayesh\.m2\repository\org\apache\commons\commons-exec\1.3\commons-exec-1.3.jar;C:\Users\ayesh\.m2\repository\com\google\guava\guava\25.0-jre\guava-25.0-jre.jar;C:\Users\ayesh\.m2\repository\com\google\code\findbugs\jsr305\1.3.9\jsr305-1.3.9.jar;C:\Users\ayesh\.m2\repository\org\checkerframework\checker-compat-qual\2.0.0\checker-compat-qual-2.0.0.jar;C:\Users\ayesh\.m2\repository\com\google\errorprone\error_prone_annotations\2.1.3\error_prone_annotations-2.1.3.jar;C:\Users\ayesh\.m2\repository\com\google\j2objc\j2objc-annotations\1.1\j2objc-annotations-1.1.jar;C:\Users\ayesh\.m2\repository\org\codehaus\mojo\animal-sniffer-annotations\1.14\animal-sniffer-annotations-1.14.jar;C:\Users\ayesh\.m2\repository\com\squareup\okhttp3\okhttp\3.11.0\okhttp-3.11.0.jar;C:\Users\ayesh\.m2\repository\com\squareup\okio\okio\1.14.0\okio-1.14.0.jar;C:\Users\ayesh\.m2\repository\org\apache\poi\poi\3.9\poi-3.9.jar;C:\Users\ayesh\.m2\repository\commons-codec\commons-codec\1.5\commons-codec-1.5.jar;C:\Users\ayesh\.m2\repository\org\apache\poi\poi-ooxml\3.9\poi-ooxml-3.9.jar;C:\Users\ayesh\.m2\repository\dom4j\dom4j\1.6.1\dom4j-1.6.1.jar;C:\Users\ayesh\.m2\repository\xml-apis\xml-apis\1.0.b2\xml-apis-1.0.b2.jar;C:\Users\ayesh\.m2\repository\org\apache\poi\poi-ooxml-schemas\3.9\poi-ooxml-schemas-3.9.jar;C:\Users\ayesh\.m2\repository\org\apache\xmlbeans\xmlbeans\2.3.0\xmlbeans-2.3.0.jar;C:\Users\ayesh\.m2\repository\stax\stax-api\1.0.1\stax-api-1.0.1.jar;C:\Users\ayesh\.m2\repository\org\apache\poi\poi-scratchpad\3.9\poi-scratchpad-3.9.jar;C:\Users\ayesh\.m2\repository\org\apache\poi\ooxml-schemas\1.1\ooxml-schemas-1.1.jar;C:\Users\ayesh\.m2\repository\org\apache\poi\openxml4j\1.0-beta\openxml4j-1.0-beta.jar;C:\Users\ayesh\.m2\repository\log4j\log4j\1.2.8\log4j-1.2.8.jar;C:\Users\ayesh\.m2\repository\com\aventstack\extentreports\3.1.5\extentreports-3.1.5.jar;C:\Users\ayesh\.m2\repository\org\freemarker\freemarker\2.3.23\freemarker-2.3.23.jar;C:\Users\ayesh\.m2\repository\org\mongodb\mongodb-driver\3.3.0\mongodb-driver-3.3.0.jar;C:\Users\ayesh\.m2\repository\org\mongodb\bson\3.3.0\bson-3.3.0.jar;C:\Users\ayesh\.m2\repository\org\mongodb\mongodb-driver-core\3.3.0\mongodb-driver-core-3.3.0.jar;C:\Users\ayesh\.m2\repository\org\apache\httpcomponents\httpclient\4.5.2\httpclient-4.5.2.jar;C:\Users\ayesh\.m2\repository\org\apache\httpcomponents\httpcore\4.4.4\httpcore-4.4.4.jar;C:\Users\ayesh\.m2\repository\commons-logging\commons-logging\1.2\commons-logging-1.2.jar;C:\Users\ayesh\.m2\repository\org\apache\httpcomponents\httpmime\4.5.2\httpmime-4.5.2.jar;C:\Users\ayesh\.m2\repository\io\qameta\allure\allure-testng\2.13.7\allure-testng-2.13.7.jar;C:\Users\ayesh\.m2\repository\io\qameta\allure\allure-java-commons\2.13.7\allure-java-commons-2.13.7.jar;C:\Users\ayesh\.m2\repository\io\qameta\allure\allure-model\2.13.7\allure-model-2.13.7.jar;C:\Users\ayesh\.m2\repository\com\fasterxml\jackson\core\jackson-databind\2.11.3\jackson-databind-2.11.3.jar;C:\Users\ayesh\.m2\repository\com\fasterxml\jackson\core\jackson-annotations\2.11.3\jackson-annotations-2.11.3.jar;C:\Users\ayesh\.m2\repository\com\fasterxml\jackson\core\jackson-core\2.11.3\jackson-core-2.11.3.jar;C:\Users\ayesh\.m2\repository\org\apache\tika\tika-core\1.24.1\tika-core-1.24.1.jar;C:\Users\ayesh\.m2\repository\org\jooq\joor-java-8\0.9.13\joor-java-8-0.9.13.jar;"/>
    <property name="sun.cpu.endian" value="little"/>
    <property name="user.home" value="C:\Users\ayesh"/>
    <property name="user.language" value="en"/>
    <property name="java.specification.vendor" value="Oracle Corporation"/>
    <property name="java.home" value="C:\Program Files\Java\jdk1.8.0_271\jre"/>
    <property name="basedir" value="C:\Users\ayesh\automation\NaveenPOMFWSeries"/>
    <property name="file.separator" value="\"/>
    <property name="line.separator" value="&#10;"/>
    <property name="java.vm.specification.vendor" value="Oracle Corporation"/>
    <property name="java.specification.name" value="Java Platform API Specification"/>
    <property name="java.awt.graphicsenv" value="sun.awt.Win32GraphicsEnvironment"/>
    <property name="surefire.real.class.path" value="C:\Users\ayesh\AppData\Local\Temp\surefire4141123896465061217\surefirebooter4762675247251824633.jar;C:\Users\ayesh\.m2\repository/org/aspectj/aspectjweaver/1.9.6/aspectjweaver-1.9.6.jar"/>
    <property name="sun.boot.class.path" value="C:\Program Files\Java\jdk1.8.0_271\jre\lib\resources.jar;C:\Program Files\Java\jdk1.8.0_271\jre\lib\rt.jar;C:\Program Files\Java\jdk1.8.0_271\jre\lib\sunrsasign.jar;C:\Program Files\Java\jdk1.8.0_271\jre\lib\jsse.jar;C:\Program Files\Java\jdk1.8.0_271\jre\lib\jce.jar;C:\Program Files\Java\jdk1.8.0_271\jre\lib\charsets.jar;C:\Program Files\Java\jdk1.8.0_271\jre\lib\jfr.jar;C:\Program Files\Java\jdk1.8.0_271\jre\classes"/>
    <property name="user.script" value=""/>
    <property name="sun.management.compiler" value="HotSpot 64-Bit Tiered Compilers"/>
    <property name="java.runtime.version" value="1.8.0_271-b09"/>
    <property name="user.name" value="ayesh"/>
    <property name="path.separator" value=";"/>
    <property name="os.version" value="10.0"/>
    <property name="java.endorsed.dirs" value="C:\Program Files\Java\jdk1.8.0_271\jre\lib\endorsed"/>
    <property name="java.runtime.name" value="Java(TM) SE Runtime Environment"/>
    <property name="file.encoding" value="Cp1252"/>
    <property name="java.vm.name" value="Java HotSpot(TM) 64-Bit Server VM"/>
    <property name="localRepository" value="C:\Users\ayesh\.m2\repository"/>
    <property name="java.vendor.url.bug" value="http://bugreport.sun.com/bugreport/"/>
    <property name="java.io.tmpdir" value="C:\Users\ayesh\AppData\Local\Temp\"/>
    <property name="java.version" value="1.8.0_271"/>
    <property name="user.dir" value="C:\Users\ayesh\automation\NaveenPOMFWSeries"/>
    <property name="os.arch" value="amd64"/>
    <property name="java.vm.specification.name" value="Java Virtual Machine Specification"/>
    <property name="java.awt.printerjob" value="sun.awt.windows.WPrinterJob"/>
    <property name="sun.os.patch.level" value=""/>
    <property name="java.library.path" value="C:\Program Files\Java\jdk1.8.0_271\jre\bin;C:\Windows\Sun\Java\bin;C:\Windows\system32;C:\Windows;C:/Program Files/Java/jre1.8.0_271/bin/server;C:/Program Files/Java/jre1.8.0_271/bin;C:/Program Files/Java/jre1.8.0_271/lib/amd64;C:\Program Files\Common Files\Oracle\Java\javapath;C:\Program Files (x86)\Common Files\Oracle\Java\javapath;C:\Windows\system32;C:\Windows;C:\Windows\System32\Wbem;C:\Windows\System32\WindowsPowerShell\v1.0\;C:\Windows\System32\OpenSSH\;C:\Program Files\Java\jdk1.8.0_271\;C:\Program Files\Java\jdk1.8.0_271\bin;C:\Users\ayesh\AppData\Local\Android\Sdk\tools;C:\Users\ayesh\AppData\Local\Android\Sdk\platform-tools;C:\Program Files\nodejs;C:\Ayesha\selenium_jars\reporting\allure-2.13.7\bin;C:\Program Files\Docker\Docker\resources\bin;C:\ProgramData\DockerDesktop\version-bin;C:\Program Files\Git\cmd;C:\Ayesha\selenium_jars\apache-maven-3.6.3-bin\apache-maven-3.6.3\bin;C:\Users\ayesh\AppData\Local\Microsoft\WindowsApps;C:\Users\ayesh\AppData\Roaming\npm;C:\Ayesha\eclipse\eclipse-jee-2020-06-R-win32-x86_64 (1)\eclipse;;."/>
    <property name="java.vm.info" value="mixed mode"/>
    <property name="java.vendor" value="Oracle Corporation"/>
    <property name="java.vm.version" value="25.271-b09"/>
    <property name="java.ext.dirs" value="C:\Program Files\Java\jdk1.8.0_271\jre\lib\ext;C:\Windows\Sun\Java\lib\ext"/>
    <property name="sun.io.unicode.encoding" value="UnicodeLittle"/>
    <property name="java.class.version" value="52.0"/>
  </properties>
  <testcase name="verifyLoginPageTitleTest" classname="com.qa.democart.test.LoginPageTest" time="0.14">
    <system-out><![CDATA[...
... TestNG 6.14.3 by CÃ©dric Beust (cedric@beust.com)
...

Test Suite started!
I am in onStart method Login page Test
Test Suite started!
I am in onStart method Accounts page Test
Browser name is:chrome
Browser name is:chrome
verifyLoginPageTitleTest started!
Login with username:ayesha.yusuf@tathastu.ai and password:Kolkata05
I am in onTestStart method verifyLoginPageTitleTest start
Login Page Title is:Account Login
verifyLoginPageTitleTest passed!
I am in onTestSuccess method verifyLoginPageTitleTest succeed
]]></system-out>
    <system-err><![CDATA[SLF4J: Failed to load class "org.slf4j.impl.StaticLoggerBinder".
SLF4J: Defaulting to no-operation (NOP) logger implementation
SLF4J: See http://www.slf4j.org/codes.html#StaticLoggerBinder for further details.
Starting ChromeDriver 87.0.4280.88 (89e2380a3e36c3464b5dd1302349b1382549290d-refs/branch-heads/4280@{#1761}) on port 14963
Only local connections are allowed.
Please see https://chromedriver.chromium.org/security-considerations for suggestions on keeping ChromeDriver safe.
ChromeDriver was started successfully.
Starting ChromeDriver 87.0.4280.88 (89e2380a3e36c3464b5dd1302349b1382549290d-refs/branch-heads/4280@{#1761}) on port 30335
Only local connections are allowed.
Please see https://chromedriver.chromium.org/security-considerations for suggestions on keeping ChromeDriver safe.
ChromeDriver was started successfully.
Jan 22, 2021 9:53:51 PM org.openqa.selenium.remote.ProtocolHandshake createSession
INFO: Detected dialect: W3C
Jan 22, 2021 9:53:51 PM org.openqa.selenium.remote.ProtocolHandshake createSession
INFO: Detected dialect: W3C
]]></system-err>
  </testcase>
  <testcase name="verifyForgotPasswordLinkTest" classname="com.qa.democart.test.LoginPageTest" time="0.074">
    <system-out><![CDATA[verifyForgotPasswordLinkTest started!
I am in onTestStart method verifyForgotPasswordLinkTest start
verifyForgotPasswordLinkTest passed!
I am in onTestSuccess method verifyForgotPasswordLinkTest succeed
]]></system-out>
  </testcase>
  <testcase name="loginNegativeTest[&quot;, &quot;&quot;](1)" classname="com.qa.democart.test.LoginPageTest" time="0.384">
    <system-out><![CDATA[searchTest started!
I am in onTestStart method searchTest start
Searching for:iMac
loginNegativeTest passed!
I am in onTestSuccess method loginNegativeTest succeed
]]></system-out>
  </testcase>
  <testcase name="loginNegativeTest[ayesha.yusuf10@tathastu.ai, &quot;&quot;](2)" classname="com.qa.democart.test.LoginPageTest" time="0.496">
    <system-out><![CDATA[searchTest started!
I am in onTestStart method searchTest start
Searching for:Macbook
loginNegativeTest passed!
I am in onTestSuccess method loginNegativeTest succeed
]]></system-out>
  </testcase>
  <testcase name="loginNegativeTest[&quot;&quot;, abc123](3)" classname="com.qa.democart.test.LoginPageTest" time="0.702">
    <system-out><![CDATA[searchTest started!
I am in onTestStart method searchTest start
Searching for:iPhone
loginNegativeTest passed!
I am in onTestSuccess method loginNegativeTest succeed
]]></system-out>
  </testcase>
  <testcase name="loginNegativeTest[ayesha.yusuf10, &quot;&quot;](4)" classname="com.qa.democart.test.LoginPageTest" time="0.921">
    <system-out><![CDATA[searchTest started!
I am in onTestStart method searchTest start
Searching for:Shoes
loginNegativeTest passed!
I am in onTestSuccess method loginNegativeTest succeed
]]></system-out>
  </testcase>
  <testcase name="loginNegativeTest[#4@%, ^!@##](5)" classname="com.qa.democart.test.LoginPageTest" time="0.604">
    <system-out><![CDATA[searchTest started!
I am in onTestStart method searchTest start
Searching for:Mouse
loginNegativeTest passed!
I am in onTestSuccess method loginNegativeTest succeed
]]></system-out>
  </testcase>
  <testcase name="loginNegativeTest[ayesha.yusuf10@tathastu.ai, abc123](6)" classname="com.qa.democart.test.LoginPageTest" time="0.3">
    <system-out><![CDATA[searchTest started!
I am in onTestStart method searchTest start
Searching for:Keyboard
loginNegativeTest passed!
I am in onTestSuccess method loginNegativeTest succeed
]]></system-out>
  </testcase>
  <testcase name="loginTest" classname="com.qa.democart.test.LoginPageTest" time="3.092">
    <system-out><![CDATA[Test Suite is ending!
loginTest passed!
I am in onFinish method Accounts page Test
I am in onTestSuccess method loginTest succeed
]]></system-out>
    <system-err><![CDATA[log4j:WARN No appenders could be found for logger (freemarker.cache).
log4j:WARN Please initialize the log4j system properly.
]]></system-err>
  </testcase>
  <testcase name="accountsPageTitleTest" classname="com.qa.democart.test.AccountsPageTest" time="0.022">
    <system-out><![CDATA[loginNegativeTest started!
I am in onTestStart method loginNegativeTest start
Login with username:" and password:""
accountsPageTitleTest started!
I am in onTestStart method accountsPageTitleTest start
Accounts Page Title is :My Account
accountsPageTitleTest passed!
I am in onTestSuccess method accountsPageTitleTest succeed
]]></system-out>
  </testcase>
  <testcase name="accountsPageHeaderTest" classname="com.qa.democart.test.AccountsPageTest" time="0.122">
    <system-out><![CDATA[accountsPageHeaderTest started!
I am in onTestStart method accountsPageHeaderTest start
Accounts Page Header:Your Store
accountsPageHeaderTest passed!
I am in onTestSuccess method accountsPageHeaderTest succeed
]]></system-out>
  </testcase>
  <testcase name="accountPageSectionCountTest" classname="com.qa.democart.test.AccountsPageTest" time="0.028">
    <system-out><![CDATA[accountPageSectionCountTest started!
I am in onTestStart method accountPageSectionCountTest start
accountPageSectionCountTest passed!
I am in onTestSuccess method accountPageSectionCountTest succeed
]]></system-out>
  </testcase>
  <testcase name="accountPageSectionTextTest" classname="com.qa.democart.test.AccountsPageTest" time="0.063">
    <system-out><![CDATA[accountPageSectionTextTest started!
I am in onTestStart method accountPageSectionTextTest start
accountPageSectionTextTest passed!
I am in onTestSuccess method accountPageSectionTextTest succeed
]]></system-out>
  </testcase>
  <testcase name="searchTest[iMac](1)" classname="com.qa.democart.test.AccountsPageTest" time="1.366">
    <system-out><![CDATA[loginNegativeTest started!
I am in onTestStart method loginNegativeTest start
Login with username:ayesha.yusuf10@tathastu.ai and password:""
searchTest passed!
I am in onTestSuccess method searchTest succeed
]]></system-out>
  </testcase>
  <testcase name="searchTest[Macbook](2)" classname="com.qa.democart.test.AccountsPageTest" time="1.158">
    <system-out><![CDATA[loginNegativeTest started!
I am in onTestStart method loginNegativeTest start
Login with username:"" and password:abc123
searchTest passed!
I am in onTestSuccess method searchTest succeed
]]></system-out>
  </testcase>
  <testcase name="searchTest[iPhone](3)" classname="com.qa.democart.test.AccountsPageTest" time="0.941">
    <system-out><![CDATA[loginNegativeTest started!
I am in onTestStart method loginNegativeTest start
Login with username:ayesha.yusuf10 and password:""
searchTest passed!
I am in onTestSuccess method searchTest succeed
]]></system-out>
  </testcase>
  <testcase name="searchTest[Shoes](4)" classname="com.qa.democart.test.AccountsPageTest" time="1.305">
    <failure message="expected [true] but found [false]" type="java.lang.AssertionError"><![CDATA[java.lang.AssertionError: expected [true] but found [false]
	at com.qa.democart.test.AccountsPageTest.searchTest(AccountsPageTest.java:77)
]]></failure>
    <system-out><![CDATA[loginNegativeTest started!
I am in onTestStart method loginNegativeTest start
Login with username:#4@% and password:^!@##
searchTest failed!
I am in onTestFailure method searchTest failed
Screenshot captured for test case:searchTest
]]></system-out>
  </testcase>
  <testcase name="searchTest[Mouse](5)" classname="com.qa.democart.test.AccountsPageTest" time="1.539">
    <failure message="expected [true] but found [false]" type="java.lang.AssertionError"><![CDATA[java.lang.AssertionError: expected [true] but found [false]
	at com.qa.democart.test.AccountsPageTest.searchTest(AccountsPageTest.java:77)
]]></failure>
    <system-out><![CDATA[loginNegativeTest started!
I am in onTestStart method loginNegativeTest start
Login with username:ayesha.yusuf10@tathastu.ai and password:abc123
searchTest failed!
I am in onTestFailure method searchTest failed
Screenshot captured for test case:searchTest
]]></system-out>
  </testcase>
  <testcase name="searchTest[Keyboard](6)" classname="com.qa.democart.test.AccountsPageTest" time="1.85">
    <failure message="expected [true] but found [false]" type="java.lang.AssertionError"><![CDATA[java.lang.AssertionError: expected [true] but found [false]
	at com.qa.democart.test.AccountsPageTest.searchTest(AccountsPageTest.java:77)
]]></failure>
    <system-out><![CDATA[loginTest started!
I am in onTestStart method loginTest start
Login with username:ayesha.yusuf@tathastu.ai and password:Kolkata05
searchTest failed!
I am in onTestFailure method searchTest failed
Screenshot captured for test case:searchTest
]]></system-out>
  </testcase>
</testsuite>