<?xml version="1.0" encoding="UTF-8"?>
<!-- Generated by org.testng.reporters.JUnitXMLReporter -->
<testsuite hostname="DESKTOP-P8RTCON" ignored="0" name="Accounts page Test" tests="10" failures="3" timestamp="22 Jan 2021 16:24:11 GMT" time="24.947" errors="0">
  <testcase name="accountsPageTitleTest" time="0.021" classname="com.qa.democart.test.AccountsPageTest"/>
  <testcase name="accountsPageHeaderTest" time="0.121" classname="com.qa.democart.test.AccountsPageTest"/>
  <testcase name="accountPageSectionCountTest" time="0.028" classname="com.qa.democart.test.AccountsPageTest"/>
  <testcase name="accountPageSectionTextTest" time="0.062" classname="com.qa.democart.test.AccountsPageTest"/>
  <testcase name="searchTest" time="1.753" classname="com.qa.democart.test.AccountsPageTest"/>
  <testcase name="searchTest" time="1.655" classname="com.qa.democart.test.AccountsPageTest"/>
  <testcase name="searchTest" time="1.644" classname="com.qa.democart.test.AccountsPageTest"/>
  <testcase name="searchTest" time="1.569" classname="com.qa.democart.test.AccountsPageTest">
    <failure type="java.lang.AssertionError" message="expected [true] but found [false]">
      <![CDATA[java.lang.AssertionError: expected [true] but found [false]
at com.qa.democart.test.AccountsPageTest.searchTest(AccountsPageTest.java:77)
at java.util.concurrent.FutureTask.run(FutureTask.java:266)
at java.util.concurrent.ThreadPoolExecutor.runWorker(ThreadPoolExecutor.java:1149)
at java.util.concurrent.ThreadPoolExecutor$Worker.run(ThreadPoolExecutor.java:624)
at java.lang.Thread.run(Thread.java:748)
... Removed 20 stack frames]]>
    </failure>
  </testcase> <!-- searchTest -->
  <testcase name="searchTest" time="1.544" classname="com.qa.democart.test.AccountsPageTest">
    <failure type="java.lang.AssertionError" message="expected [true] but found [false]">
      <![CDATA[java.lang.AssertionError: expected [true] but found [false]
at com.qa.democart.test.AccountsPageTest.searchTest(AccountsPageTest.java:77)
at java.util.concurrent.FutureTask.run(FutureTask.java:266)
at java.util.concurrent.ThreadPoolExecutor.runWorker(ThreadPoolExecutor.java:1149)
at java.util.concurrent.ThreadPoolExecutor$Worker.run(ThreadPoolExecutor.java:624)
at java.lang.Thread.run(Thread.java:748)
... Removed 20 stack frames]]>
    </failure>
  </testcase> <!-- searchTest -->
  <testcase name="searchTest" time="1.566" classname="com.qa.democart.test.AccountsPageTest">
    <failure type="java.lang.AssertionError" message="expected [true] but found [false]">
      <![CDATA[java.lang.AssertionError: expected [true] but found [false]
at com.qa.democart.test.AccountsPageTest.searchTest(AccountsPageTest.java:77)
at java.util.concurrent.FutureTask.run(FutureTask.java:266)
at java.util.concurrent.ThreadPoolExecutor.runWorker(ThreadPoolExecutor.java:1149)
at java.util.concurrent.ThreadPoolExecutor$Worker.run(ThreadPoolExecutor.java:624)
at java.lang.Thread.run(Thread.java:748)
... Removed 20 stack frames]]>
    </failure>
  </testcase> <!-- searchTest -->
</testsuite> <!-- Accounts page Test -->
