<?xml version="1.0" encoding="UTF-8"?>
<!-- Generated by org.testng.reporters.JUnitXMLReporter -->
<testsuite hostname="DESKTOP-P8RTCON" ignored="0" name="Login page Test" tests="9" failures="0" timestamp="22 Jan 2021 16:24:12 GMT" time="26.187" errors="0">
  <testcase name="verifyLoginPageTitleTest" time="0.171" classname="com.qa.democart.test.LoginPageTest"/>
  <testcase name="verifyForgotPasswordLinkTest" time="0.074" classname="com.qa.democart.test.LoginPageTest"/>
  <testcase name="loginNegativeTest" time="1.911" classname="com.qa.democart.test.LoginPageTest"/>
  <testcase name="loginNegativeTest" time="1.865" classname="com.qa.democart.test.LoginPageTest"/>
  <testcase name="loginNegativeTest" time="1.861" classname="com.qa.democart.test.LoginPageTest"/>
  <testcase name="loginNegativeTest" time="1.862" classname="com.qa.democart.test.LoginPageTest"/>
  <testcase name="loginNegativeTest" time="1.913" classname="com.qa.democart.test.LoginPageTest"/>
  <testcase name="loginNegativeTest" time="1.841" classname="com.qa.democart.test.LoginPageTest"/>
  <testcase name="loginTest" time="2.822" classname="com.qa.democart.test.LoginPageTest"/>
</testsuite> <!-- Login page Test -->
